\BOOKMARK [1][-]{section.1}{\376\377\000I\000n\000t\000r\000o\000d\000u\000c\000t\000i\000o\000n}{}% 1
\BOOKMARK [1][-]{section.2}{\376\377\000B\000o\000o\000k\000k\000e\000e\000p\000e\000r}{}% 2
\BOOKMARK [2][-]{subsection.2.1}{\376\377\000J\000o\000u\000r\000n\000a\000l}{section.2}% 3
\BOOKMARK [3][-]{subsubsection.2.1.1}{\376\377\000D\000e\000s\000c\000r\000i\000z\000i\000o\000n\000e}{subsection.2.1}% 4
\BOOKMARK [3][-]{subsubsection.2.1.2}{\376\377\000C\000a\000t\000e\000g\000o\000r\000y\000\040\000P\000a\000r\000t\000i\000t\000i\000o\000n}{subsection.2.1}% 5
\BOOKMARK [3][-]{subsubsection.2.1.3}{\376\377\000B\000o\000u\000n\000d\000a\000r\000y\000\040\000A\000n\000a\000l\000y\000s\000i\000s}{subsection.2.1}% 6
\BOOKMARK [3][-]{subsubsection.2.1.4}{\376\377\000A\000d\000e\000q\000u\000a\000c\000y\000\040\000C\000o\000n\000t\000r\000o\000l\000\040\000F\000l\000o\000w}{subsection.2.1}% 7
\BOOKMARK [3][-]{subsubsection.2.1.5}{\376\377\000A\000d\000e\000q\000u\000a\000c\000y\000\040\000D\000a\000t\000a\000\040\000F\000l\000o\000w}{subsection.2.1}% 8
\BOOKMARK [3][-]{subsubsection.2.1.6}{\376\377\000M\000u\000t\000a\000t\000i\000o\000n\000\040\000T\000e\000s\000t\000i\000n\000g}{subsection.2.1}% 9
\BOOKMARK [3][-]{subsubsection.2.1.7}{\376\377\000R\000e\000l\000i\000a\000b\000i\000l\000i\000t\000y}{subsection.2.1}% 10
\BOOKMARK [2][-]{subsection.2.2}{\376\377\000F\000i\000l\000e\000I\000n\000f\000o}{section.2}% 11
\BOOKMARK [3][-]{subsubsection.2.2.1}{\376\377\000D\000e\000s\000c\000r\000i\000z\000i\000o\000n\000e}{subsection.2.2}% 12
\BOOKMARK [3][-]{subsubsection.2.2.2}{\376\377\000C\000a\000t\000e\000g\000o\000r\000y\000\040\000P\000a\000r\000t\000i\000t\000i\000o\000n}{subsection.2.2}% 13
\BOOKMARK [3][-]{subsubsection.2.2.3}{\376\377\000B\000o\000u\000n\000d\000a\000r\000y\000\040\000A\000n\000a\000l\000y\000s\000i\000s}{subsection.2.2}% 14
\BOOKMARK [3][-]{subsubsection.2.2.4}{\376\377\000A\000d\000e\000q\000u\000a\000c\000y\000\040\000C\000o\000n\000t\000r\000o\000l\000\040\000F\000l\000o\000w}{subsection.2.2}% 15
\BOOKMARK [3][-]{subsubsection.2.2.5}{\376\377\000A\000d\000e\000q\000u\000a\000c\000y\000\040\000D\000a\000t\000a\000\040\000F\000l\000o\000w}{subsection.2.2}% 16
\BOOKMARK [3][-]{subsubsection.2.2.6}{\376\377\000M\000u\000t\000a\000t\000i\000o\000n\000\040\000T\000e\000s\000t\000i\000n\000g}{subsection.2.2}% 17
\BOOKMARK [3][-]{subsubsection.2.2.7}{\376\377\000R\000e\000l\000i\000a\000b\000i\000l\000i\000t\000y}{subsection.2.2}% 18
\BOOKMARK [1][-]{section.3}{\376\377\000A\000v\000r\000o}{}% 19
\BOOKMARK [2][-]{subsection.3.1}{\376\377\000C\000l\000a\000s\000s\000e\000\040\0001}{section.3}% 20
\BOOKMARK [3][-]{subsubsection.3.1.1}{\376\377\000D\000e\000s\000c\000r\000i\000z\000i\000o\000n\000e}{subsection.3.1}% 21
\BOOKMARK [3][-]{subsubsection.3.1.2}{\376\377\000C\000a\000t\000e\000g\000o\000r\000y\000\040\000P\000a\000r\000t\000i\000t\000i\000o\000n}{subsection.3.1}% 22
\BOOKMARK [3][-]{subsubsection.3.1.3}{\376\377\000B\000o\000u\000n\000d\000a\000r\000y\000\040\000A\000n\000a\000l\000y\000s\000i\000s}{subsection.3.1}% 23
\BOOKMARK [3][-]{subsubsection.3.1.4}{\376\377\000A\000d\000e\000q\000u\000a\000c\000y\000\040\000C\000o\000n\000t\000r\000o\000l\000\040\000F\000l\000o\000w}{subsection.3.1}% 24
\BOOKMARK [3][-]{subsubsection.3.1.5}{\376\377\000A\000d\000e\000q\000u\000a\000c\000y\000\040\000D\000a\000t\000a\000\040\000F\000l\000o\000w}{subsection.3.1}% 25
\BOOKMARK [3][-]{subsubsection.3.1.6}{\376\377\000M\000u\000t\000a\000t\000i\000o\000n\000\040\000T\000e\000s\000t\000i\000n\000g}{subsection.3.1}% 26
\BOOKMARK [2][-]{subsection.3.2}{\376\377\000C\000l\000a\000s\000s\000e\000\040\0002}{section.3}% 27
\BOOKMARK [3][-]{subsubsection.3.2.1}{\376\377\000D\000e\000s\000c\000r\000i\000z\000i\000o\000n\000e}{subsection.3.2}% 28
\BOOKMARK [3][-]{subsubsection.3.2.2}{\376\377\000C\000a\000t\000e\000g\000o\000r\000y\000\040\000P\000a\000r\000t\000i\000t\000i\000o\000n}{subsection.3.2}% 29
\BOOKMARK [3][-]{subsubsection.3.2.3}{\376\377\000B\000o\000u\000n\000d\000a\000r\000y\000\040\000A\000n\000a\000l\000y\000s\000i\000s}{subsection.3.2}% 30
\BOOKMARK [3][-]{subsubsection.3.2.4}{\376\377\000A\000d\000e\000q\000u\000a\000c\000y\000\040\000C\000o\000n\000t\000r\000o\000l\000\040\000F\000l\000o\000w}{subsection.3.2}% 31
\BOOKMARK [3][-]{subsubsection.3.2.5}{\376\377\000A\000d\000e\000q\000u\000a\000c\000y\000\040\000D\000a\000t\000a\000\040\000F\000l\000o\000w}{subsection.3.2}% 32
\BOOKMARK [3][-]{subsubsection.3.2.6}{\376\377\000M\000u\000t\000a\000t\000i\000o\000n\000\040\000T\000e\000s\000t\000i\000n\000g}{subsection.3.2}% 33
