This is pdfTeX, Version 3.141592653-2.6-1.40.25 (TeX Live 2023) (preloaded format=pdflatex 2023.11.10)  7 FEB 2024 18:34
entering extended mode
 restricted \write18 enabled.
 file:line:error style messages enabled.
 %&-line parsing enabled.
**/home/luca-fedora/Documents/latex/main.tex
(/home/luca-fedora/Documents/latex/main.tex
LaTeX2e <2022-11-01> patch level 1
L3 programming layer <2023-02-22> (/usr/share/texlive/texmf-dist/tex/latex/base/article.cls
Document Class: article 2022/07/02 v1.4n Standard LaTeX document class
(/usr/share/texlive/texmf-dist/tex/latex/base/size10.clo
File: size10.clo 2022/07/02 v1.4n Standard LaTeX file (size option)
)
\c@part=\count185
\c@section=\count186
\c@subsection=\count187
\c@subsubsection=\count188
\c@paragraph=\count189
\c@subparagraph=\count190
\c@figure=\count191
\c@table=\count192
\abovecaptionskip=\skip48
\belowcaptionskip=\skip49
\bibindent=\dimen140
) (/usr/share/texlive/texmf-dist/tex/generic/babel/babel.sty
Package: babel 2023/02/13 3.86 The Babel package
\babel@savecnt=\count193
\U@D=\dimen141
\l@unhyphenated=\language48
 (/usr/share/texlive/texmf-dist/tex/generic/babel/txtbabel.def)
\bbl@readstream=\read2
\bbl@dirlevel=\count194
 (/usr/share/texlive/texmf-dist/tex/generic/babel-italian/italian.ldf
Language: italian 2022/03/27 v.1.4.07 Italian support for the babel system
\it@lettering=\count195
\it@doublequoteactive=\count196
\it@ISOcompliance=\count197
)) (/usr/share/texlive/texmf-dist/tex/generic/babel/locale/it/babel-italian.tex
Package babel Info: Importing font and identification data for italian
(babel)             from babel-it.ini. Reported on input line 11.
) (/usr/share/texlive/texmf-dist/tex/latex/etoolbox/etoolbox.sty
Package: etoolbox 2020/10/05 v2.5k e-TeX tools for LaTeX (JAW)
\etb@tempcnta=\count198
) (/usr/share/texlive/texmf-dist/tex/latex/psnfss/helvet.sty
Package: helvet 2020/03/25 PSNFSS-v9.3 (WaS) 
 (/usr/share/texlive/texmf-dist/tex/latex/graphics/keyval.sty
Package: keyval 2022/05/29 v1.15 key=value parser (DPC)
\KV@toks@=\toks16
)) (/usr/share/texlive/texmf-dist/tex/latex/setspace/setspace.sty
Package: setspace 2022/12/04 v6.7b set line spacing
) (/usr/share/texlive/texmf-dist/tex/latex/amsmath/amsmath.sty
Package: amsmath 2022/04/08 v2.17n AMS math features
\@mathmargin=\skip50

For additional information on amsmath, use the `?' option.
(/usr/share/texlive/texmf-dist/tex/latex/amsmath/amstext.sty
Package: amstext 2021/08/26 v2.01 AMS text
 (/usr/share/texlive/texmf-dist/tex/latex/amsmath/amsgen.sty
File: amsgen.sty 1999/11/30 v2.0 generic functions
\@emptytoks=\toks17
\ex@=\dimen142
)) (/usr/share/texlive/texmf-dist/tex/latex/amsmath/amsbsy.sty
Package: amsbsy 1999/11/29 v1.2d Bold Symbols
\pmbraise@=\dimen143
) (/usr/share/texlive/texmf-dist/tex/latex/amsmath/amsopn.sty
Package: amsopn 2022/04/08 v2.04 operator names
)
\inf@bad=\count199
LaTeX Info: Redefining \frac on input line 234.
\uproot@=\count266
\leftroot@=\count267
LaTeX Info: Redefining \overline on input line 399.
LaTeX Info: Redefining \colon on input line 410.
\classnum@=\count268
\DOTSCASE@=\count269
LaTeX Info: Redefining \ldots on input line 496.
LaTeX Info: Redefining \dots on input line 499.
LaTeX Info: Redefining \cdots on input line 620.
\Mathstrutbox@=\box51
\strutbox@=\box52
LaTeX Info: Redefining \big on input line 722.
LaTeX Info: Redefining \Big on input line 723.
LaTeX Info: Redefining \bigg on input line 724.
LaTeX Info: Redefining \Bigg on input line 725.
\big@size=\dimen144
LaTeX Font Info:    Redeclaring font encoding OML on input line 743.
LaTeX Font Info:    Redeclaring font encoding OMS on input line 744.
\macc@depth=\count270
LaTeX Info: Redefining \bmod on input line 905.
LaTeX Info: Redefining \pmod on input line 910.
LaTeX Info: Redefining \smash on input line 940.
LaTeX Info: Redefining \relbar on input line 970.
LaTeX Info: Redefining \Relbar on input line 971.
\c@MaxMatrixCols=\count271
\dotsspace@=\muskip16
\c@parentequation=\count272
\dspbrk@lvl=\count273
\tag@help=\toks18
\row@=\count274
\column@=\count275
\maxfields@=\count276
\andhelp@=\toks19
\eqnshift@=\dimen145
\alignsep@=\dimen146
\tagshift@=\dimen147
\tagwidth@=\dimen148
\totwidth@=\dimen149
\lineht@=\dimen150
\@envbody=\toks20
\multlinegap=\skip51
\multlinetaggap=\skip52
\mathdisplay@stack=\toks21
LaTeX Info: Redefining \[ on input line 2953.
LaTeX Info: Redefining \] on input line 2954.
) (/usr/share/texlive/texmf-dist/tex/latex/geometry/geometry.sty
Package: geometry 2020/01/02 v5.9 Page Geometry
 (/usr/share/texlive/texmf-dist/tex/generic/iftex/ifvtex.sty
Package: ifvtex 2019/10/25 v1.7 ifvtex legacy package. Use iftex instead.
 (/usr/share/texlive/texmf-dist/tex/generic/iftex/iftex.sty
Package: iftex 2022/02/03 v1.0f TeX engine tests
))
\Gm@cnth=\count277
\Gm@cntv=\count278
\c@Gm@tempcnt=\count279
\Gm@bindingoffset=\dimen151
\Gm@wd@mp=\dimen152
\Gm@odd@mp=\dimen153
\Gm@even@mp=\dimen154
\Gm@layoutwidth=\dimen155
\Gm@layoutheight=\dimen156
\Gm@layouthoffset=\dimen157
\Gm@layoutvoffset=\dimen158
\Gm@dimlist=\toks22
) (/usr/share/texlive/texmf-dist/tex/latex/caption/subcaption.sty
Package: subcaption 2023/02/19 v1.6 Sub-captions (AR)
 (/usr/share/texlive/texmf-dist/tex/latex/caption/caption.sty
Package: caption 2023/03/12 v3.6j Customizing captions (AR)
 (/usr/share/texlive/texmf-dist/tex/latex/caption/caption3.sty
Package: caption3 2023/03/12 v2.4 caption3 kernel (AR)
\caption@tempdima=\dimen159
\captionmargin=\dimen160
\caption@leftmargin=\dimen161
\caption@rightmargin=\dimen162
\caption@width=\dimen163
\caption@indent=\dimen164
\caption@parindent=\dimen165
\caption@hangindent=\dimen166
Package caption Info: Standard document class detected.
)
\c@caption@flags=\count280
\c@continuedfloat=\count281
)
Package caption Info: New subtype `subfigure' on input line 239.
\c@subfigure=\count282
Package caption Info: New subtype `subtable' on input line 239.
\c@subtable=\count283
) (/usr/share/texlive/texmf-dist/tex/latex/lipsum/lipsum.sty (/usr/share/texlive/texmf-dist/tex/latex/l3packages/l3keys2e/l3keys2e.sty (/usr/share/texlive/texmf-dist/tex/latex/l3kernel/expl3.sty
Package: expl3 2023-02-22 L3 programming layer (loader) 
 (/usr/share/texlive/texmf-dist/tex/latex/l3backend/l3backend-pdftex.def
File: l3backend-pdftex.def 2023-01-16 L3 backend support: PDF output (pdfTeX)
\l__color_backend_stack_int=\count284
\l__pdf_internal_box=\box53
))
Package: l3keys2e 2023-02-02 LaTeX2e option processing using LaTeX3 keys
)
Package: lipsum 2021-09-20 v2.7 150 paragraphs of Lorem Ipsum dummy text
\g__lipsum_par_int=\count285
\l__lipsum_a_int=\count286
\l__lipsum_b_int=\count287
 (/usr/share/texlive/texmf-dist/tex/latex/lipsum/lipsum.ltd.tex)) (/usr/share/texlive/texmf-dist/tex/latex/graphics/graphicx.sty
Package: graphicx 2021/09/16 v1.2d Enhanced LaTeX Graphics (DPC,SPQR)
 (/usr/share/texlive/texmf-dist/tex/latex/graphics/graphics.sty
Package: graphics 2022/03/10 v1.4e Standard LaTeX Graphics (DPC,SPQR)
 (/usr/share/texlive/texmf-dist/tex/latex/graphics/trig.sty
Package: trig 2021/08/11 v1.11 sin cos tan (DPC)
) (/usr/share/texlive/texmf-dist/tex/latex/graphics-cfg/graphics.cfg
File: graphics.cfg 2016/06/04 v1.11 sample graphics configuration
)
Package graphics Info: Driver file: pdftex.def on input line 107.
 (/usr/share/texlive/texmf-dist/tex/latex/graphics-def/pdftex.def
File: pdftex.def 2022/09/22 v1.2b Graphics/color driver for pdftex
))
\Gin@req@height=\dimen167
\Gin@req@width=\dimen168
) (/usr/share/texlive/texmf-dist/tex/latex/listings/listings.sty
\lst@mode=\count288
\lst@gtempboxa=\box54
\lst@token=\toks23
\lst@length=\count289
\lst@currlwidth=\dimen169
\lst@column=\count290
\lst@pos=\count291
\lst@lostspace=\dimen170
\lst@width=\dimen171
\lst@newlines=\count292
\lst@lineno=\count293
\lst@maxwidth=\dimen172
 (/usr/share/texlive/texmf-dist/tex/latex/listings/lstmisc.sty
File: lstmisc.sty 2023/02/27 1.9 (Carsten Heinz)
\c@lstnumber=\count294
\lst@skipnumbers=\count295
\lst@framebox=\box55
) (/usr/share/texlive/texmf-dist/tex/latex/listings/listings.cfg
File: listings.cfg 2023/02/27 1.9 listings configuration
))
Package: listings 2023/02/27 1.9 (Carsten Heinz)
 (/usr/share/texlive/texmf-dist/tex/latex/hyperref/hyperref.sty
Package: hyperref 2023-02-07 v7.00v Hypertext links for LaTeX
 (/usr/share/texlive/texmf-dist/tex/generic/ltxcmds/ltxcmds.sty
Package: ltxcmds 2020-05-10 v1.25 LaTeX kernel commands for general use (HO)
) (/usr/share/texlive/texmf-dist/tex/generic/pdftexcmds/pdftexcmds.sty
Package: pdftexcmds 2020-06-27 v0.33 Utility functions of pdfTeX for LuaTeX (HO)
 (/usr/share/texlive/texmf-dist/tex/generic/infwarerr/infwarerr.sty
Package: infwarerr 2019/12/03 v1.5 Providing info/warning/error messages (HO)
)
Package pdftexcmds Info: \pdf@primitive is available.
Package pdftexcmds Info: \pdf@ifprimitive is available.
Package pdftexcmds Info: \pdfdraftmode found.
) (/usr/share/texlive/texmf-dist/tex/latex/kvsetkeys/kvsetkeys.sty
Package: kvsetkeys 2022-10-05 v1.19 Key value parser (HO)
) (/usr/share/texlive/texmf-dist/tex/generic/kvdefinekeys/kvdefinekeys.sty
Package: kvdefinekeys 2019-12-19 v1.6 Define keys (HO)
) (/usr/share/texlive/texmf-dist/tex/generic/pdfescape/pdfescape.sty
Package: pdfescape 2019/12/09 v1.15 Implements pdfTeX's escape features (HO)
) (/usr/share/texlive/texmf-dist/tex/latex/hycolor/hycolor.sty
Package: hycolor 2020-01-27 v1.10 Color options for hyperref/bookmark (HO)
) (/usr/share/texlive/texmf-dist/tex/latex/letltxmacro/letltxmacro.sty
Package: letltxmacro 2019/12/03 v1.6 Let assignment for LaTeX macros (HO)
) (/usr/share/texlive/texmf-dist/tex/latex/auxhook/auxhook.sty
Package: auxhook 2019-12-17 v1.6 Hooks for auxiliary files (HO)
) (/usr/share/texlive/texmf-dist/tex/latex/hyperref/nameref.sty
Package: nameref 2022-05-17 v2.50 Cross-referencing by name of section
 (/usr/share/texlive/texmf-dist/tex/latex/refcount/refcount.sty
Package: refcount 2019/12/15 v3.6 Data extraction from label references (HO)
) (/usr/share/texlive/texmf-dist/tex/generic/gettitlestring/gettitlestring.sty
Package: gettitlestring 2019/12/15 v1.6 Cleanup title references (HO)
 (/usr/share/texlive/texmf-dist/tex/latex/kvoptions/kvoptions.sty
Package: kvoptions 2022-06-15 v3.15 Key value format for package options (HO)
))
\c@section@level=\count296
)
\@linkdim=\dimen173
\Hy@linkcounter=\count297
\Hy@pagecounter=\count298
 (/usr/share/texlive/texmf-dist/tex/latex/hyperref/pd1enc.def
File: pd1enc.def 2023-02-07 v7.00v Hyperref: PDFDocEncoding definition (HO)
Now handling font encoding PD1 ...
... no UTF-8 mapping file for font encoding PD1
) (/usr/share/texlive/texmf-dist/tex/generic/intcalc/intcalc.sty
Package: intcalc 2019/12/15 v1.3 Expandable calculations with integers (HO)
) (/usr/share/texlive/texmf-dist/tex/generic/etexcmds/etexcmds.sty
Package: etexcmds 2019/12/15 v1.7 Avoid name clashes with e-TeX commands (HO)
)
\Hy@SavedSpaceFactor=\count299
 (/usr/share/texlive/texmf-dist/tex/latex/hyperref/puenc.def
File: puenc.def 2023-02-07 v7.00v Hyperref: PDF Unicode definition (HO)
Now handling font encoding PU ...
... no UTF-8 mapping file for font encoding PU
)
Package hyperref Info: Hyper figures OFF on input line 4177.
Package hyperref Info: Link nesting OFF on input line 4182.
Package hyperref Info: Hyper index ON on input line 4185.
Package hyperref Info: Plain pages OFF on input line 4192.
Package hyperref Info: Backreferencing OFF on input line 4197.
Package hyperref Info: Implicit mode ON; LaTeX internals redefined.
Package hyperref Info: Bookmarks ON on input line 4425.
\c@Hy@tempcnt=\count300
 (/usr/share/texlive/texmf-dist/tex/latex/url/url.sty
\Urlmuskip=\muskip17
Package: url 2013/09/16  ver 3.4  Verb mode for urls, etc.
)
LaTeX Info: Redefining \url on input line 4763.
\XeTeXLinkMargin=\dimen174
 (/usr/share/texlive/texmf-dist/tex/generic/bitset/bitset.sty
Package: bitset 2019/12/09 v1.3 Handle bit-vector datatype (HO)
 (/usr/share/texlive/texmf-dist/tex/generic/bigintcalc/bigintcalc.sty
Package: bigintcalc 2019/12/15 v1.5 Expandable calculations on big integers (HO)
))
\Fld@menulength=\count301
\Field@Width=\dimen175
\Fld@charsize=\dimen176
Package hyperref Info: Hyper figures OFF on input line 6042.
Package hyperref Info: Link nesting OFF on input line 6047.
Package hyperref Info: Hyper index ON on input line 6050.
Package hyperref Info: backreferencing OFF on input line 6057.
Package hyperref Info: Link coloring OFF on input line 6062.
Package hyperref Info: Link coloring with OCG OFF on input line 6067.
Package hyperref Info: PDF/A mode OFF on input line 6072.
 (/usr/share/texlive/texmf-dist/tex/latex/base/atbegshi-ltx.sty
Package: atbegshi-ltx 2021/01/10 v1.0c Emulation of the original atbegshi
package with kernel methods
)
\Hy@abspage=\count302
\c@Item=\count303
\c@Hfootnote=\count304
)
Package hyperref Info: Driver (autodetected): hpdftex.
 (/usr/share/texlive/texmf-dist/tex/latex/hyperref/hpdftex.def
File: hpdftex.def 2023-02-07 v7.00v Hyperref driver for pdfTeX
 (/usr/share/texlive/texmf-dist/tex/latex/base/atveryend-ltx.sty
Package: atveryend-ltx 2020/08/19 v1.0a Emulation of the original atveryend package
with kernel methods
)
\Fld@listcount=\count305
\c@bookmark@seq@number=\count306
 (/usr/share/texlive/texmf-dist/tex/latex/rerunfilecheck/rerunfilecheck.sty
Package: rerunfilecheck 2022-07-10 v1.10 Rerun checks for auxiliary files (HO)
 (/usr/share/texlive/texmf-dist/tex/generic/uniquecounter/uniquecounter.sty
Package: uniquecounter 2019/12/15 v1.4 Provide unlimited unique counter (HO)
)
Package uniquecounter Info: New unique counter `rerunfilecheck' on input line 285.
)
\Hy@SectionHShift=\skip53
) (/usr/share/texlive/texmf-dist/tex/latex/amsfonts/amssymb.sty
Package: amssymb 2013/01/14 v3.01 AMS font symbols
 (/usr/share/texlive/texmf-dist/tex/latex/amsfonts/amsfonts.sty
Package: amsfonts 2013/01/14 v3.01 Basic AMSFonts support
\symAMSa=\mathgroup4
\symAMSb=\mathgroup5
LaTeX Font Info:    Redeclaring math symbol \hbar on input line 98.
LaTeX Font Info:    Overwriting math alphabet `\mathfrak' in version `bold'
(Font)                  U/euf/m/n --> U/euf/b/n on input line 106.
)) (/usr/share/texlive/texmf-dist/tex/latex/multirow/multirow.sty
Package: multirow 2021/03/15 v2.8 Span multiple rows of a table
\multirow@colwidth=\skip54
\multirow@cntb=\count307
\multirow@dima=\skip55
\bigstrutjot=\dimen177
) (/usr/share/texlive/texmf-dist/tex/latex/arydshln/arydshln.sty
Package: arydshln 2019/02/21 v1.76 
\dashlinedash=\dimen178
\dashlinegap=\dimen179
\adl@box=\box56
\adl@height=\dimen180
\adl@heightsave=\dimen181
\adl@depth=\dimen182
\adl@depthsave=\dimen183
\adl@finaldepth=\dimen184
\adl@columns=\count308
\adl@ncol=\count309
\adl@currentcolumn=\count310
\adl@currentcolumnsave=\count311
\adl@totalheight=\count312
\adl@totalheightsave=\count313
\adl@dash=\count314
\adl@gap=\count315
\adl@cla=\count316
\adl@clb=\count317
\adl@everyvbox=\toks24
\adl@LTpagetotal=\dimen185
)
Package hyperref Info: Option `colorlinks' set `true' on input line 21.
LaTeX Font Info:    Trying to load font information for OT1+phv on input line 26.
 (/usr/share/texlive/texmf-dist/tex/latex/psnfss/ot1phv.fd
File: ot1phv.fd 2020/03/25 scalable font definitions for OT1/phv.
) (./main.aux)
\openout1 = `main.aux'.

LaTeX Font Info:    Checking defaults for OML/cmm/m/it on input line 26.
LaTeX Font Info:    ... okay on input line 26.
LaTeX Font Info:    Checking defaults for OMS/cmsy/m/n on input line 26.
LaTeX Font Info:    ... okay on input line 26.
LaTeX Font Info:    Checking defaults for OT1/cmr/m/n on input line 26.
LaTeX Font Info:    ... okay on input line 26.
LaTeX Font Info:    Checking defaults for T1/cmr/m/n on input line 26.
LaTeX Font Info:    ... okay on input line 26.
LaTeX Font Info:    Checking defaults for TS1/cmr/m/n on input line 26.
LaTeX Font Info:    ... okay on input line 26.
LaTeX Font Info:    Checking defaults for OMX/cmex/m/n on input line 26.
LaTeX Font Info:    ... okay on input line 26.
LaTeX Font Info:    Checking defaults for U/cmr/m/n on input line 26.
LaTeX Font Info:    ... okay on input line 26.
LaTeX Font Info:    Checking defaults for PD1/pdf/m/n on input line 26.
LaTeX Font Info:    ... okay on input line 26.
LaTeX Font Info:    Checking defaults for PU/pdf/m/n on input line 26.
LaTeX Font Info:    ... okay on input line 26.
LaTeX Info: Redefining \it@ocap on input line 26.
LaTeX Info: Redefining \it@ccap on input line 26.


File italian.ldf warning: 
italian.ldf    With OT1 encoding guillemets are poorly faked
italian.ldf    Use T1 encoding
italian.ldf    or specify a font with command \CaporaliFrom
italian.ldf    See the documentation concerning the babel-italian typesetting 
italian.ldf    on input line 26.

*geometry* driver: auto-detecting
*geometry* detected driver: pdftex
*geometry* verbose mode - [ preamble ] result:
* driver: pdftex
* paper: a4paper
* layout: <same size as paper>
* layoutoffset:(h,v)=(0.0pt,0.0pt)
* modes: 
* h-part:(L,W,R)=(72.26999pt, 452.9679pt, 72.26999pt)
* v-part:(T,H,B)=(72.26999pt, 700.50687pt, 72.26999pt)
* \paperwidth=597.50787pt
* \paperheight=845.04684pt
* \textwidth=452.9679pt
* \textheight=700.50687pt
* \oddsidemargin=0.0pt
* \evensidemargin=0.0pt
* \topmargin=-37.0pt
* \headheight=12.0pt
* \headsep=25.0pt
* \topskip=10.0pt
* \footskip=30.0pt
* \marginparwidth=57.0pt
* \marginparsep=11.0pt
* \columnsep=10.0pt
* \skip\footins=9.0pt plus 4.0pt minus 2.0pt
* \hoffset=0.0pt
* \voffset=0.0pt
* \mag=1000
* \@twocolumnfalse
* \@twosidefalse
* \@mparswitchfalse
* \@reversemarginfalse
* (1in=72.27pt=25.4mm, 1cm=28.453pt)

Package caption Info: Begin \AtBeginDocument code.
Package caption Info: hyperref package is loaded.
Package caption Info: listings package is loaded.
Package caption Info: End \AtBeginDocument code.
(/usr/share/texlive/texmf-dist/tex/context/base/mkii/supp-pdf.mkii
[Loading MPS to PDF converter (version 2006.09.02).]
\scratchcounter=\count318
\scratchdimen=\dimen186
\scratchbox=\box57
\nofMPsegments=\count319
\nofMParguments=\count320
\everyMPshowfont=\toks25
\MPscratchCnt=\count321
\MPscratchDim=\dimen187
\MPnumerator=\count322
\makeMPintoPDFobject=\count323
\everyMPtoPDFconversion=\toks26
) (/usr/share/texlive/texmf-dist/tex/latex/epstopdf-pkg/epstopdf-base.sty
Package: epstopdf-base 2020-01-24 v2.11 Base part for package epstopdf
Package epstopdf-base Info: Redefining graphics rule for `.eps' on input line 485.
 (/usr/share/texlive/texmf-dist/tex/latex/latexconfig/epstopdf-sys.cfg
File: epstopdf-sys.cfg 2010/07/13 v1.3 Configuration of (r)epstopdf for TeX Live
))
\c@lstlisting=\count324
 (/usr/share/texlive/texmf-dist/tex/latex/graphics/color.sty
Package: color 2022/01/06 v1.3d Standard LaTeX Color (DPC)
 (/usr/share/texlive/texmf-dist/tex/latex/graphics-cfg/color.cfg
File: color.cfg 2016/01/02 v1.6 sample color configuration
)
Package color Info: Driver file: pdftex.def on input line 149.
 (/usr/share/texlive/texmf-dist/tex/latex/graphics/mathcolor.ltx))
Package hyperref Info: Link coloring ON on input line 26.
 (./main.out) (./main.out)
\@outlinefile=\write3
\openout3 = `main.out'.

LaTeX Font Info:    Trying to load font information for U+msa on input line 29.
 (/usr/share/texlive/texmf-dist/tex/latex/amsfonts/umsa.fd
File: umsa.fd 2013/01/14 v3.01 AMS symbols A
)
LaTeX Font Info:    Trying to load font information for U+msb on input line 29.
 (/usr/share/texlive/texmf-dist/tex/latex/amsfonts/umsb.fd
File: umsb.fd 2013/01/14 v3.01 AMS symbols B
) (./main.toc)
\tf@toc=\write4
\openout4 = `main.toc'.

 (./main.lot [1

{/var/lib/texmf/fonts/map/pdftex/updmap/pdftex.map}{/usr/share/texlive/texmf-dist/fonts/enc/dvips/base/8r.enc}])
\tf@lot=\write5
\openout5 = `main.lot'.

 (./main.lof [2])
\tf@lof=\write6
\openout6 = `main.lof'.

 [3]
LaTeX Font Info:    Trying to load font information for TS1+phv on input line 49.
 (/usr/share/texlive/texmf-dist/tex/latex/psnfss/ts1phv.fd
File: ts1phv.fd 2020/03/25 scalable font definitions for TS1/phv.
)
Underfull \hbox (badness 10000) in paragraph at lines 57--62

 []


Underfull \hbox (badness 10000) in paragraph at lines 71--75

 []

LaTeX Font Info:    Trying to load font information for OML+phv on input line 104.
(/usr/share/texlive/texmf-dist/tex/latex/psnfss/omlphv.fd
File: omlphv.fd 
)
LaTeX Font Info:    Font shape `OML/phv/m/n' in size <10> not available
(Font)              Font shape `OML/cmm/m/it' tried instead on input line 104.

Underfull \hbox (badness 10000) in paragraph at lines 97--113

 []


Underfull \hbox (badness 10000) in paragraph at lines 97--113

 []


Underfull \hbox (badness 10000) in paragraph at lines 97--113

 []


Underfull \hbox (badness 10000) in paragraph at lines 97--113

 []


pdfTeX warning (ext4): destination with the same identifier (name{page.1}) has been already used, duplicate ignored
<to be read again> 
                   \relax 
l.113 
       [1]
Underfull \hbox (badness 10000) in paragraph at lines 128--157

 []


Underfull \hbox (badness 10000) in paragraph at lines 128--157

 []


pdfTeX warning (ext4): destination with the same identifier (name{page.2}) has been already used, duplicate ignored
<to be read again> 
                   \relax 
l.157 \begin{verbatim}
                       [2]
Underfull \hbox (badness 10000) in paragraph at lines 170--174

 []


Underfull \hbox (badness 10000) in paragraph at lines 170--174

 []


pdfTeX warning (ext4): destination with the same identifier (name{page.3}) has been already used, duplicate ignored
<to be read again> 
                   \relax 
l.202 ...zioni totali}} = \frac{{6}}{{7}} = 0.85\]
                                                   [3]
Underfull \hbox (badness 10000) in paragraph at lines 202--205

 []


Underfull \hbox (badness 10000) in paragraph at lines 237--243

 []

LaTeX Font Info:    Trying to load font information for OMS+phv on input line 251.
(/usr/share/texlive/texmf-dist/tex/latex/psnfss/omsphv.fd
File: omsphv.fd 
)
LaTeX Font Info:    Font shape `OMS/phv/m/n' in size <10> not available
(Font)              Font shape `OMS/cmsy/m/n' tried instead on input line 251.

Underfull \hbox (badness 10000) in paragraph at lines 251--259

 []


Underfull \hbox (badness 10000) in paragraph at lines 251--259

 []

[4]
Underfull \hbox (badness 10000) in paragraph at lines 262--266

 []


Underfull \hbox (badness 10000) in paragraph at lines 267--285

 []

[5]
Underfull \hbox (badness 10000) in paragraph at lines 318--320

 []


Underfull \hbox (badness 10000) in paragraph at lines 321--323

 []


Underfull \hbox (badness 10000) in paragraph at lines 321--323

 []


Underfull \hbox (badness 10000) in paragraph at lines 323--333

 []


Underfull \hbox (badness 10000) in paragraph at lines 323--333

 []


Underfull \hbox (badness 10000) in paragraph at lines 323--333

 []


Underfull \hbox (badness 10000) in paragraph at lines 333--335

 []

[6] [7]
Underfull \hbox (badness 10000) in paragraph at lines 367--372

 []


Underfull \hbox (badness 10000) in paragraph at lines 374--376

 []


Underfull \hbox (badness 10000) in paragraph at lines 402--418

 []


Underfull \hbox (badness 10000) in paragraph at lines 402--418

 []

[8]
Underfull \hbox (badness 10000) in paragraph at lines 422--426

 []


Underfull \hbox (badness 10000) in paragraph at lines 422--426

 []


Underfull \hbox (badness 10000) in paragraph at lines 458--461

 []

[9]
LaTeX Font Info:    Font shape `OT1/phv/m/it' in size <10> not available
(Font)              Font shape `OT1/phv/m/sl' tried instead on input line 468.

Underfull \hbox (badness 10000) in paragraph at lines 462--474

 []


Underfull \hbox (badness 10000) in paragraph at lines 462--474

 []


Underfull \hbox (badness 10000) in paragraph at lines 480--487

 []


Underfull \hbox (badness 10000) in paragraph at lines 480--487

 []


Underfull \hbox (badness 10000) in paragraph at lines 491--494

 []


Underfull \hbox (badness 10000) in paragraph at lines 508--512

 []


Underfull \hbox (badness 10000) in paragraph at lines 508--512

 []

[10]
Underfull \hbox (badness 10000) in paragraph at lines 517--520

 []

[11]
Overfull \hbox (12.83807pt too wide) in paragraph at lines 743--760
 [][] 
 []


Overfull \hbox (12.83807pt too wide) in paragraph at lines 765--783
 [][] 
 []

[12] [13] [14] [15]
<./images/journal/listJournalIds.jpg, id=477, 282.05376pt x 483.8075pt>
File: ./images/journal/listJournalIds.jpg Graphic file (type jpg)
<use ./images/journal/listJournalIds.jpg>
Package pdftex.def Info: ./images/journal/listJournalIds.jpg  used on input line 933.
(pdftex.def)             Requested size: 181.18439pt x 310.78738pt.
<./images/journal/CFGlistJournalIds.jpg, id=478, 282.05376pt x 483.8075pt>
File: ./images/journal/CFGlistJournalIds.jpg Graphic file (type jpg)
<use ./images/journal/CFGlistJournalIds.jpg>
Package pdftex.def Info: ./images/journal/CFGlistJournalIds.jpg  used on input line 937.
(pdftex.def)             Requested size: 181.18439pt x 310.78738pt.
<./images/journal/JacocoCoveragelistJournalIds1.png, id=479, 1456.44125pt x 51.19125pt>
File: ./images/journal/JacocoCoveragelistJournalIds1.png Graphic file (type png)
<use ./images/journal/JacocoCoveragelistJournalIds1.png>
Package pdftex.def Info: ./images/journal/JacocoCoveragelistJournalIds1.png  used on input line 945.
(pdftex.def)             Requested size: 452.9679pt x 15.92067pt.
<./images/journal/MissedBranchListJournalIds.png, id=481, 788.9475pt x 450.68375pt>
File: ./images/journal/MissedBranchListJournalIds.png Graphic file (type png)
<use ./images/journal/MissedBranchListJournalIds.png>
Package pdftex.def Info: ./images/journal/MissedBranchListJournalIds.png  used on input line 951.
(pdftex.def)             Requested size: 452.9679pt x 258.75603pt.
<./images/journal/JacocoCoveragelistJournalIds2.png, id=482, 1458.44875pt x 45.16875pt>
File: ./images/journal/JacocoCoveragelistJournalIds2.png Graphic file (type png)
<use ./images/journal/JacocoCoveragelistJournalIds2.png>
Package pdftex.def Info: ./images/journal/JacocoCoveragelistJournalIds2.png  used on input line 957.
(pdftex.def)             Requested size: 452.9679pt x 14.02835pt.
<./images/journal/code1.png, id=483, 1611.01875pt x 1056.94875pt>
File: ./images/journal/code1.png Graphic file (type png)
<use ./images/journal/code1.png>
Package pdftex.def Info: ./images/journal/code1.png  used on input line 963.
(pdftex.def)             Requested size: 452.9679pt x 297.16934pt.
<./images/journal/BaduaCoveragelistJournalIds1.png, id=484, 1035.87pt x 556.0775pt>
File: ./images/journal/BaduaCoveragelistJournalIds1.png Graphic file (type png)
<use ./images/journal/BaduaCoveragelistJournalIds1.png>
Package pdftex.def Info: ./images/journal/BaduaCoveragelistJournalIds1.png  used on input line 969.
(pdftex.def)             Requested size: 452.9679pt x 243.16452pt.
<./images/journal/BaduaCoveragelistJournalIds2.png, id=485, 1025.8325pt x 529.98pt>
File: ./images/journal/BaduaCoveragelistJournalIds2.png Graphic file (type png)
<use ./images/journal/BaduaCoveragelistJournalIds2.png>
Package pdftex.def Info: ./images/journal/BaduaCoveragelistJournalIds2.png  used on input line 975.
(pdftex.def)             Requested size: 452.9679pt x 234.01677pt.
<./images/journal/JacocoCoveragelistJournalIds3.png, id=486, 1470.49374pt x 93.34875pt>
File: ./images/journal/JacocoCoveragelistJournalIds3.png Graphic file (type png)
<use ./images/journal/JacocoCoveragelistJournalIds3.png>
Package pdftex.def Info: ./images/journal/JacocoCoveragelistJournalIds3.png  used on input line 981.
(pdftex.def)             Requested size: 452.9679pt x 28.75406pt.
<./images/journal/PitCoverageListJournalIds1.png, id=487, 1312.905pt x 479.7925pt>
File: ./images/journal/PitCoverageListJournalIds1.png Graphic file (type png)
<use ./images/journal/PitCoverageListJournalIds1.png>
Package pdftex.def Info: ./images/journal/PitCoverageListJournalIds1.png  used on input line 987.
(pdftex.def)             Requested size: 452.9679pt x 165.5359pt.
<./images/journal/PitCoverageListJournalIds2.png, id=488, 1312.905pt x 479.7925pt>
File: ./images/journal/PitCoverageListJournalIds2.png Graphic file (type png)
<use ./images/journal/PitCoverageListJournalIds2.png>
Package pdftex.def Info: ./images/journal/PitCoverageListJournalIds2.png  used on input line 993.
(pdftex.def)             Requested size: 452.9679pt x 165.5359pt.
<./images/journal/PitMutation1.png, id=489, 714.67pt x 537.00626pt>
File: ./images/journal/PitMutation1.png Graphic file (type png)
<use ./images/journal/PitMutation1.png>
Package pdftex.def Info: ./images/journal/PitMutation1.png  used on input line 999.
(pdftex.def)             Requested size: 452.9679pt x 340.36424pt.
<./images/journal/code2.png, id=490, 1633.10126pt x 851.18pt>
File: ./images/journal/code2.png Graphic file (type png)
<use ./images/journal/code2.png>
Package pdftex.def Info: ./images/journal/code2.png  used on input line 1005.
(pdftex.def)             Requested size: 452.9679pt x 236.08185pt.
<./images/file_info/JacocoCoveragereadHeader1.png, id=491, 1071.00125pt x 44.165pt>
File: ./images/file_info/JacocoCoveragereadHeader1.png Graphic file (type png)
<use ./images/file_info/JacocoCoveragereadHeader1.png>
Package pdftex.def Info: ./images/file_info/JacocoCoveragereadHeader1.png  used on input line 1011.
(pdftex.def)             Requested size: 452.9679pt x 18.67921pt.
<./images/file_info/Code1ReadHeader.png, id=492, 917.4275pt x 1288.815pt>
File: ./images/file_info/Code1ReadHeader.png Graphic file (type png)
<use ./images/file_info/Code1ReadHeader.png>
Package pdftex.def Info: ./images/file_info/Code1ReadHeader.png  used on input line 1016.
(pdftex.def)             Requested size: 452.9679pt x 636.34299pt.
<./images/file_info/TestFailsReadHeader.png, id=493, 355.3275pt x 186.6975pt>
File: ./images/file_info/TestFailsReadHeader.png Graphic file (type png)
<use ./images/file_info/TestFailsReadHeader.png>
Package pdftex.def Info: ./images/file_info/TestFailsReadHeader.png  used on input line 1022.
(pdftex.def)             Requested size: 452.9679pt x 238.0091pt.
<./images/file_info/JacocoCoveragereadHeader2.png, id=494, 947.54pt x 944.52875pt>
File: ./images/file_info/JacocoCoveragereadHeader2.png Graphic file (type png)
<use ./images/file_info/JacocoCoveragereadHeader2.png>
Package pdftex.def Info: ./images/file_info/JacocoCoveragereadHeader2.png  used on input line 1028.
(pdftex.def)             Requested size: 452.9679pt x 451.52386pt.
<./images/file_info/JacocoCoveragereadHeader3.png, id=495, 1591.9475pt x 138.5175pt>
File: ./images/file_info/JacocoCoveragereadHeader3.png Graphic file (type png)
<use ./images/file_info/JacocoCoveragereadHeader3.png>
Package pdftex.def Info: ./images/file_info/JacocoCoveragereadHeader3.png  used on input line 1034.
(pdftex.def)             Requested size: 452.9679pt x 39.41237pt.
<./images/file_info/BaduaCoverageReadHeader1.png, id=496, 431.6125pt x 44.165pt>
File: ./images/file_info/BaduaCoverageReadHeader1.png Graphic file (type png)
<use ./images/file_info/BaduaCoverageReadHeader1.png>
Package pdftex.def Info: ./images/file_info/BaduaCoverageReadHeader1.png  used on input line 1040.
(pdftex.def)             Requested size: 452.9679pt x 46.35168pt.
<./images/file_info/BaduaCoverageReadHeader2.png, id=497, 519.9425pt x 89.33376pt>
File: ./images/file_info/BaduaCoverageReadHeader2.png Graphic file (type png)
<use ./images/file_info/BaduaCoverageReadHeader2.png>
Package pdftex.def Info: ./images/file_info/BaduaCoverageReadHeader2.png  used on input line 1046.
(pdftex.def)             Requested size: 452.9679pt x 77.82605pt.
<./images/file_info/BaduaCoverageReadHeader3.png, id=498, 531.9875pt x 97.36375pt>
File: ./images/file_info/BaduaCoverageReadHeader3.png Graphic file (type png)
<use ./images/file_info/BaduaCoverageReadHeader3.png>
Package pdftex.def Info: ./images/file_info/BaduaCoverageReadHeader3.png  used on input line 1052.
(pdftex.def)             Requested size: 452.9679pt x 82.90367pt.
<./images/file_info/BaduaCoverageReadHeader4.png, id=499, 431.6125pt x 70.2625pt>
File: ./images/file_info/BaduaCoverageReadHeader4.png Graphic file (type png)
<use ./images/file_info/BaduaCoverageReadHeader4.png>
Package pdftex.def Info: ./images/file_info/BaduaCoverageReadHeader4.png  used on input line 1058.
(pdftex.def)             Requested size: 452.9679pt x 73.74133pt.
<./images/file_info/PitCoverageReadHeader1.png, id=500, 896.34875pt x 72.27pt>
File: ./images/file_info/PitCoverageReadHeader1.png Graphic file (type png)
<use ./images/file_info/PitCoverageReadHeader1.png>
Package pdftex.def Info: ./images/file_info/PitCoverageReadHeader1.png  used on input line 1064.
(pdftex.def)             Requested size: 452.9679pt x 36.52086pt.
<./images/file_info/PitCoverageReadHeader2.png, id=501, 1015.795pt x 1001.7425pt>
File: ./images/file_info/PitCoverageReadHeader2.png Graphic file (type png)
<use ./images/file_info/PitCoverageReadHeader2.png>
Package pdftex.def Info: ./images/file_info/PitCoverageReadHeader2.png  used on input line 1070.
(pdftex.def)             Requested size: 452.9679pt x 446.69878pt.
<./images/file_info/PitCoverageReadHeader3.png, id=502, 1229.59375pt x 107.40125pt>
File: ./images/file_info/PitCoverageReadHeader3.png Graphic file (type png)
<use ./images/file_info/PitCoverageReadHeader3.png>
Package pdftex.def Info: ./images/file_info/PitCoverageReadHeader3.png  used on input line 1076.
(pdftex.def)             Requested size: 452.9679pt x 39.56575pt.
<./images/create_record/Documentation.png, id=503, 1014.79124pt x 453.695pt>
File: ./images/create_record/Documentation.png Graphic file (type png)
<use ./images/create_record/Documentation.png>
Package pdftex.def Info: ./images/create_record/Documentation.png  used on input line 1082.
(pdftex.def)             Requested size: 452.9679pt x 202.51323pt.
<./images/create_record/TestFailsCreateRecord.png, id=504, 346.29375pt x 145.54375pt>
File: ./images/create_record/TestFailsCreateRecord.png Graphic file (type png)
<use ./images/create_record/TestFailsCreateRecord.png>
Package pdftex.def Info: ./images/create_record/TestFailsCreateRecord.png  used on input line 1088.
(pdftex.def)             Requested size: 452.9679pt x 190.38387pt.
<./images/create_record/JacocoCoverage1.png, id=505, 1624.0675pt x 61.22874pt>
File: ./images/create_record/JacocoCoverage1.png Graphic file (type png)
<use ./images/create_record/JacocoCoverage1.png>
Package pdftex.def Info: ./images/create_record/JacocoCoverage1.png  used on input line 1094.
(pdftex.def)             Requested size: 452.9679pt x 17.07664pt.
<./images/create_record/JacocoCoverage2.png, id=506, 1618.045pt x 34.1275pt>
File: ./images/create_record/JacocoCoverage2.png Graphic file (type png)
<use ./images/create_record/JacocoCoverage2.png>
Package pdftex.def Info: ./images/create_record/JacocoCoverage2.png  used on input line 1100.
(pdftex.def)             Requested size: 452.9679pt x 9.55354pt.
<./images/create_record/JacocoCoverage3.png, id=507, 1461.46pt x 145.54375pt>
File: ./images/create_record/JacocoCoverage3.png Graphic file (type png)
<use ./images/create_record/JacocoCoverage3.png>
Package pdftex.def Info: ./images/create_record/JacocoCoverage3.png  used on input line 1106.
(pdftex.def)             Requested size: 452.9679pt x 45.1092pt.
<./images/create_record/JacocoCoverage4.png, id=508, 1249.66875pt x 496.85625pt>
File: ./images/create_record/JacocoCoverage4.png Graphic file (type png)
<use ./images/create_record/JacocoCoverage4.png>
Package pdftex.def Info: ./images/create_record/JacocoCoverage4.png  used on input line 1112.
(pdftex.def)             Requested size: 452.9679pt x 180.0963pt.
<./images/create_record/JacocoCoverage5.png, id=509, 1465.475pt x 168.63pt>
File: ./images/create_record/JacocoCoverage5.png Graphic file (type png)
<use ./images/create_record/JacocoCoverage5.png>
Package pdftex.def Info: ./images/create_record/JacocoCoverage5.png  used on input line 1118.
(pdftex.def)             Requested size: 452.9679pt x 52.12036pt.
<./images/create_record/BaduaCoverage1.png, id=510, 585.18625pt x 633.36626pt>
File: ./images/create_record/BaduaCoverage1.png Graphic file (type png)
<use ./images/create_record/BaduaCoverage1.png>
Package pdftex.def Info: ./images/create_record/BaduaCoverage1.png  used on input line 1124.
(pdftex.def)             Requested size: 452.9679pt x 490.28358pt.
<./images/create_record/BaduaCoverage2.png, id=511, 585.18625pt x 633.36626pt>
File: ./images/create_record/BaduaCoverage2.png Graphic file (type png)
<use ./images/create_record/BaduaCoverage2.png>
Package pdftex.def Info: ./images/create_record/BaduaCoverage2.png  used on input line 1130.
(pdftex.def)             Requested size: 452.9679pt x 490.28358pt.
<./images/create_record/PitCoverage1.png, id=512, 818.05624pt x 48.18pt>
File: ./images/create_record/PitCoverage1.png Graphic file (type png)
<use ./images/create_record/PitCoverage1.png>
Package pdftex.def Info: ./images/create_record/PitCoverage1.png  used on input line 1136.
(pdftex.def)             Requested size: 452.9679pt x 26.67844pt.
<./images/create_record/PitCoverage2.png, id=513, 1347.0325pt x 86.3225pt>
File: ./images/create_record/PitCoverage2.png Graphic file (type png)
<use ./images/create_record/PitCoverage2.png>
Package pdftex.def Info: ./images/create_record/PitCoverage2.png  used on input line 1142.
(pdftex.def)             Requested size: 452.9679pt x 29.02786pt.
<./images/create_record/PitCoverage3.png, id=514, 1349.04pt x 112.42pt>
File: ./images/create_record/PitCoverage3.png Graphic file (type png)
<use ./images/create_record/PitCoverage3.png>
Package pdftex.def Info: ./images/create_record/PitCoverage3.png  used on input line 1148.
(pdftex.def)             Requested size: 452.9679pt x 37.74713pt.
<./images/create_record/PitCoverage4.png, id=515, 1355.0625pt x 473.77pt>
File: ./images/create_record/PitCoverage4.png Graphic file (type png)
<use ./images/create_record/PitCoverage4.png>
Package pdftex.def Info: ./images/create_record/PitCoverage4.png  used on input line 1154.
(pdftex.def)             Requested size: 452.9679pt x 158.36874pt.
 [16 <./images/journal/listJournalIds.jpg> <./images/journal/CFGlistJournalIds.jpg> <./images/journal/JacocoCoveragelistJournalIds1.png>] [17 <./images/journal/MissedBranchListJournalIds.png> <./images/journal/JacocoCoveragelistJournalIds2.png> <./images/journal/code1.png>] [18 <./images/journal/BaduaCoveragelistJournalIds1.png> <./images/journal/BaduaCoveragelistJournalIds2.png> <./images/journal/JacocoCoveragelistJournalIds3.png>] [19 <./images/journal/PitCoverageListJournalIds1.png> <./images/journal/PitCoverageListJournalIds2.png>] [20 <./images/journal/PitMutation1.png> <./images/journal/code2.png> <./images/file_info/JacocoCoveragereadHeader1.png>] [21 <./images/file_info/Code1ReadHeader.png>] [22 <./images/file_info/TestFailsReadHeader.png>] [23 <./images/file_info/JacocoCoveragereadHeader2.png> <./images/file_info/JacocoCoveragereadHeader3.png> <./images/file_info/BaduaCoverageReadHeader1.png>] [24 <./images/file_info/BaduaCoverageReadHeader2.png> <./images/file_info/BaduaCoverageReadHeader3.png> <./images/file_info/BaduaCOverageReadHeader4.png> <./images/file_info/PitCoverageReadHeader1.png>] [25 <./images/file_info/PitCoverageReadHeader2.png> <./images/file_info/PitCoverageReadHeader3.png>] [26 <./images/create_record/Documentation.png> <./images/create_record/TestFailsCreateRecord.png> <./images/create_record/JacocoCoverage1.png> <./images/create_record/JacocoCoverage2.png> <./images/create_record/JacocoCoverage3.png>] [27 <./images/create_record/JacocoCoverage4.png> <./images/create_record/JacocoCoverage5.png>] [28 <./images/create_record/BaduaCoverage1.png>] [29 <./images/create_record/BaduaCoverage2.png> <./images/create_record/PitCoverage1.png> <./images/create_record/PitCoverage2.png> <./images/create_record/PitCoverage3.png>] [30 <./images/create_record/PitCoverage4.png>]
<./images/create_record/PitCoverage5.png, id=616, 1335.99126pt x 102.3825pt>
File: ./images/create_record/PitCoverage5.png Graphic file (type png)
<use ./images/create_record/PitCoverage5.png>
Package pdftex.def Info: ./images/create_record/PitCoverage5.png  used on input line 1160.
(pdftex.def)             Requested size: 452.9679pt x 34.71272pt.
<./images/create_record/PitCoverage6.png, id=617, 1739.49875pt x 125.46875pt>
File: ./images/create_record/PitCoverage6.png Graphic file (type png)
<use ./images/create_record/PitCoverage6.png>
Package pdftex.def Info: ./images/create_record/PitCoverage6.png  used on input line 1166.
(pdftex.def)             Requested size: 452.9679pt x 32.67087pt.
<./images/schema_compatibiity/JacocoCoverage1.png, id=618, 1421.31pt x 295.1025pt>
File: ./images/schema_compatibiity/JacocoCoverage1.png Graphic file (type png)
<use ./images/schema_compatibiity/JacocoCoverage1.png>
Package pdftex.def Info: ./images/schema_compatibiity/JacocoCoverage1.png  used on input line 1172.
(pdftex.def)             Requested size: 452.9679pt x 94.04747pt.
<./images/schema_compatibiity/JacocoCoverage2.png, id=619, 1394.20876pt x 485.815pt>
File: ./images/schema_compatibiity/JacocoCoverage2.png Graphic file (type png)
<use ./images/schema_compatibiity/JacocoCoverage2.png>
Package pdftex.def Info: ./images/schema_compatibiity/JacocoCoverage2.png  used on input line 1178.
(pdftex.def)             Requested size: 452.9679pt x 157.8361pt.
<./images/schema_compatibiity/BaduaCoverage1.png, id=620, 1247.66125pt x 366.36874pt>
File: ./images/schema_compatibiity/BaduaCoverage1.png Graphic file (type png)
<use ./images/schema_compatibiity/BaduaCoverage1.png>
Package pdftex.def Info: ./images/schema_compatibiity/BaduaCoverage1.png  used on input line 1184.
(pdftex.def)             Requested size: 452.9679pt x 133.01071pt.
<./images/schema_compatibiity/PitCoverage1.png, id=621, 1778.645pt x 680.5425pt>
File: ./images/schema_compatibiity/PitCoverage1.png Graphic file (type png)
<use ./images/schema_compatibiity/PitCoverage1.png>
Package pdftex.def Info: ./images/schema_compatibiity/PitCoverage1.png  used on input line 1190.
(pdftex.def)             Requested size: 452.9679pt x 173.31277pt.
<./images/integration_test/IntegrationTest.png, id=622, 870.25125pt x 201.75375pt>
File: ./images/integration_test/IntegrationTest.png Graphic file (type png)
<use ./images/integration_test/IntegrationTest.png>
Package pdftex.def Info: ./images/integration_test/IntegrationTest.png  used on input line 1196.
(pdftex.def)             Requested size: 452.9679pt x 105.01413pt.
<./images/integration_test/FailsafeReport.png, id=623, 1810.765pt x 182.6825pt>
File: ./images/integration_test/FailsafeReport.png Graphic file (type png)
<use ./images/integration_test/FailsafeReport.png>
Package pdftex.def Info: ./images/integration_test/FailsafeReport.png  used on input line 1202.
(pdftex.def)             Requested size: 452.9679pt x 45.69838pt.
 [31 <./images/create_record/PitCoverage5.png> <./images/create_record/PitCoverage6.png> <./images/schema_compatibiity/JacocoCoverage1.png> <./images/schema_compatibiity/JacocoCoverage2.png> <./images/schema_compatibiity/BaduaCoverage1.png>] [32 <./images/schema_compatibiity/PitCoverage1.png> <./images/integration_test/IntegrationTest.png> <./images/integration_test/FailsafeReport.png>] (./main.aux)
Package rerunfilecheck Info: File `main.out' has not changed.
(rerunfilecheck)             Checksum: 43ACD5AF11D69527F4F75F0C7C0221A5;5094.
 ) 
Here is how much of TeX's memory you used:
 15587 strings out of 477136
 261598 string characters out of 5813391
 1903388 words of memory out of 6000000
 35449 multiletter control sequences out of 15000+600000
 535909 words of font info for 80 fonts, out of 8000000 for 9000
 430 hyphenation exceptions out of 8191
 75i,11n,77p,332b,602s stack positions out of 10000i,1000n,20000p,200000b,200000s
</usr/share/texlive/texmf-dist/fonts/type1/public/amsfonts/cm/cmmi10.pfb></usr/share/texlive/texmf-dist/fonts/type1/public/amsfonts/cm/cmmi7.pfb></usr/share/texlive/texmf-dist/fonts/type1/public/amsfonts/cm/cmr10.pfb></usr/share/texlive/texmf-dist/fonts/type1/public/amsfonts/cm/cmsy10.pfb></usr/share/texlive/texmf-dist/fonts/type1/public/amsfonts/cm/cmtt10.pfb></usr/share/texlive/texmf-dist/fonts/type1/urw/helvetic/uhvb8a.pfb></usr/share/texlive/texmf-dist/fonts/type1/urw/helvetic/uhvr8a.pfb></usr/share/texlive/texmf-dist/fonts/type1/urw/helvetic/uhvro8a.pfb>
Output written on main.pdf (35 pages, 2458884 bytes).
PDF statistics:
 708 PDF objects out of 1000 (max. 8388607)
 559 compressed objects within 6 object streams
 144 named destinations out of 1000 (max. 500000)
 519 words of extra memory for PDF output out of 10000 (max. 10000000)

